This is pdfTeX, Version 3.1415926-2.5-1.40.14 (TeX Live 2013/Debian) (format=pdflatex 2015.12.15)  10 FEB 2017 16:41
entering extended mode
 restricted \write18 enabled.
 %&-line parsing enabled.
**main.tex
(./main.tex
LaTeX2e <2011/06/27>
Babel <3.9h> and hyphenation patterns for 78 languages loaded.
(./sig-alternate-05-2015.cls
(/usr/share/texlive/texmf-dist/tex/latex/graphics/epsfig.sty
Package: epsfig 1999/02/16 v1.7a (e)psfig emulation (SPQR)

(/usr/share/texlive/texmf-dist/tex/latex/graphics/graphicx.sty
Package: graphicx 1999/02/16 v1.0f Enhanced LaTeX Graphics (DPC,SPQR)

(/usr/share/texlive/texmf-dist/tex/latex/graphics/keyval.sty
Package: keyval 1999/03/16 v1.13 key=value parser (DPC)
\KV@toks@=\toks14
)
(/usr/share/texlive/texmf-dist/tex/latex/graphics/graphics.sty
Package: graphics 2009/02/05 v1.0o Standard LaTeX Graphics (DPC,SPQR)

(/usr/share/texlive/texmf-dist/tex/latex/graphics/trig.sty
Package: trig 1999/03/16 v1.09 sin cos tan (DPC)
)
(/usr/share/texlive/texmf-dist/tex/latex/latexconfig/graphics.cfg
File: graphics.cfg 2010/04/23 v1.9 graphics configuration of TeX Live
)
Package graphics Info: Driver file: pdftex.def on input line 91.

(/usr/share/texlive/texmf-dist/tex/latex/pdftex-def/pdftex.def
File: pdftex.def 2011/05/27 v0.06d Graphics/color for pdfTeX

(/usr/share/texlive/texmf-dist/tex/generic/oberdiek/infwarerr.sty
Package: infwarerr 2010/04/08 v1.3 Providing info/warning/error messages (HO)
)
(/usr/share/texlive/texmf-dist/tex/generic/oberdiek/ltxcmds.sty
Package: ltxcmds 2011/11/09 v1.22 LaTeX kernel commands for general use (HO)
)
\Gread@gobject=\count79
))
\Gin@req@height=\dimen102
\Gin@req@width=\dimen103
)
\epsfxsize=\dimen104
\epsfysize=\dimen105
)
(/usr/share/texlive/texmf-dist/tex/latex/amsfonts/amssymb.sty
Package: amssymb 2013/01/14 v3.01 AMS font symbols

(/usr/share/texlive/texmf-dist/tex/latex/amsfonts/amsfonts.sty
Package: amsfonts 2013/01/14 v3.01 Basic AMSFonts support
\@emptytoks=\toks15
\symAMSa=\mathgroup4
\symAMSb=\mathgroup5
LaTeX Font Info:    Overwriting math alphabet `\mathfrak' in version `bold'
(Font)                  U/euf/m/n --> U/euf/b/n on input line 106.
))
(/usr/share/texlive/texmf-dist/tex/latex/amsmath/amsmath.sty
Package: amsmath 2013/01/14 v2.14 AMS math features
\@mathmargin=\skip41

For additional information on amsmath, use the `?' option.
(/usr/share/texlive/texmf-dist/tex/latex/amsmath/amstext.sty
Package: amstext 2000/06/29 v2.01

(/usr/share/texlive/texmf-dist/tex/latex/amsmath/amsgen.sty
File: amsgen.sty 1999/11/30 v2.0
\@emptytoks=\toks16
\ex@=\dimen106
))
(/usr/share/texlive/texmf-dist/tex/latex/amsmath/amsbsy.sty
Package: amsbsy 1999/11/29 v1.2d
\pmbraise@=\dimen107
)
(/usr/share/texlive/texmf-dist/tex/latex/amsmath/amsopn.sty
Package: amsopn 1999/12/14 v2.01 operator names
)
\inf@bad=\count80
LaTeX Info: Redefining \frac on input line 210.
\uproot@=\count81
\leftroot@=\count82
LaTeX Info: Redefining \overline on input line 306.
\classnum@=\count83
\DOTSCASE@=\count84
LaTeX Info: Redefining \ldots on input line 378.
LaTeX Info: Redefining \dots on input line 381.
LaTeX Info: Redefining \cdots on input line 466.
\Mathstrutbox@=\box26
\strutbox@=\box27
\big@size=\dimen108
LaTeX Font Info:    Redeclaring font encoding OML on input line 566.
LaTeX Font Info:    Redeclaring font encoding OMS on input line 567.
\macc@depth=\count85
\c@MaxMatrixCols=\count86
\dotsspace@=\muskip10
\c@parentequation=\count87
\dspbrk@lvl=\count88
\tag@help=\toks17
\row@=\count89
\column@=\count90
\maxfields@=\count91
\andhelp@=\toks18
\eqnshift@=\dimen109
\alignsep@=\dimen110
\tagshift@=\dimen111
\tagwidth@=\dimen112
\totwidth@=\dimen113
\lineht@=\dimen114
\@envbody=\toks19
\multlinegap=\skip42
\multlinetaggap=\skip43
\mathdisplay@stack=\toks20
LaTeX Info: Redefining \[ on input line 2665.
LaTeX Info: Redefining \] on input line 2666.
)
Document Class 'sig-alternate' <9th June '13>. Modified by G.K.M. Tobin/Gerry M
urray/Boris Veytsman
Based in part upon document Style `acmconf' <22 May 89>. Hacked 4/91 by
shivers@cs.cmu.edu, 4/93 by theobald@cs.mcgill.ca
Excerpts were taken from (Journal Style) 'esub2acm.cls'.
****** Bugs/comments/suggestions/technicalities to Gerry Murray -- murray@hq.ac
m.org ******
Questions on the style, SIGS policies, etc. to Adrienne Griscti griscti@acm.org

\ACM@basesize=\count92
(/usr/share/texlive/texmf-dist/tex/latex/comment/comment.sty
\CommentStream=\write3

Excluding comment 'comment') Excluding comment 'CCSXML'
\footheight=\dimen115
\@maxsep=\dimen116
\@dblmaxsep=\dimen117

(/usr/share/texlive/texmf-dist/tex/generic/oberdiek/ifpdf.sty
Package: ifpdf 2011/01/30 v2.3 Provides the ifpdf switch (HO)
Package ifpdf Info: pdfTeX in PDF mode is detected.
)
\aucount=\count93
\originalaucount=\count94
\auwidth=\dimen118
\auskip=\dimen119
\auskipcount=\count95
\auskip=\dimen120
\allauboxes=\dimen121
\addauthors=\toks21
\addauflag=\count96
\subtitletext=\toks22
\savesection=\count97
\sectioncntr=\count98
\c@figure=\count99
\c@table=\count100
\titleboxnotes=\toks23
\titleboxnoteflag=\count101


LaTeX Warning: You have requested document class `sig-alternate-05-2015',
               but the document class provides `sig-alternate'.

Document Class: sig-alternate 2013/05/12 v2.7 based on acmproc.cls V1.3 <Nov. 3
0 '99>
(/usr/share/texlive/texmf-dist/tex/latex/base/latexsym.sty
Package: latexsym 1998/08/17 v2.2e Standard LaTeX package (lasy symbols)
\symlasy=\mathgroup6
LaTeX Font Info:    Overwriting symbol font `lasy' in version `bold'
(Font)                  U/lasy/m/n --> U/lasy/b/n on input line 47.
)
\@acmtitlebox=\box28
\titlenotecount=\count102
\tntoks=\toks24
\tntokstwo=\toks25
\tntoksthree=\toks26
\tntoksfour=\toks27
\tntoksfive=\toks28
\catcount=\count103
\copyrightnotice=\toks29
\conf=\toks30
\confinfo=\toks31
\c@part=\count104
\c@section=\count105
\c@subsection=\count106
\c@subsubsection=\count107
\c@paragraph=\count108

Using 'Abbrev' bibliography style
LaTeX Info: Redefining \cite on input line 1408.
\bibindent=\dimen122
\colcntr=\count109
\saveb@x=\box29
\copyrtyr=\toks32
\acmcopyr=\toks33
\boilerplate=\toks34
(/usr/share/texlive/texmf-dist/tex/latex/url/url.sty
\Urlmuskip=\muskip11
Package: url 2013/09/16  ver 3.4  Verb mode for urls, etc.
) (./acmcopyright.sty
Package: acmcopyright 2014/06/29 v1.2 Copyright statemens for ACM classes

(/usr/share/texlive/texmf-dist/tex/latex/xkeyval/xkeyval.sty
Package: xkeyval 2012/10/14 v2.6b package option processing (HA)

(/usr/share/texlive/texmf-dist/tex/generic/xkeyval/xkeyval.tex
\XKV@toks=\toks35
\XKV@tempa@toks=\toks36
\XKV@depth=\count110
File: xkeyval.tex 2012/10/14 v2.6b key=value parser (HA)
)))
\copyrightetc=\toks37

(/usr/share/texlive/texmf-dist/tex/latex/base/fontenc.sty
Package: fontenc 2005/09/27 v1.99g Standard LaTeX package

(/usr/share/texlive/texmf-dist/tex/latex/base/t1enc.def
File: t1enc.def 2005/09/27 v1.99g Standard LaTeX file
LaTeX Font Info:    Redeclaring font encoding T1 on input line 43.
)
LaTeX Font Info:    Try loading font information for T1+aer on input line 100.

(/usr/share/texlive/texmf-dist/tex/latex/ae/t1aer.fd
File: t1aer.fd 1997/11/16 Font definitions for T1/aer.
)))
(/usr/share/texlive/texmf-dist/tex/latex/algorithm2e/algorithm2e.sty
Package: algorithm2e 2013/01/06 v5.00 algorithms environments
\c@AlgoLine=\count111

(/usr/share/texlive/texmf-dist/tex/latex/base/ifthen.sty
Package: ifthen 2001/05/26 v1.1c Standard LaTeX ifthen package (DPC)
)
(/usr/share/texlive/texmf-dist/tex/latex/tools/xspace.sty
Package: xspace 2009/10/20 v1.13 Space after command names (DPC,MH)
)
(/usr/share/texlive/texmf-dist/tex/latex/relsize/relsize.sty
Package: relsize 2013/03/29 ver 4.1
)
********************************************************
Package `algorithm2e' Release 5.0 -- january 06 2013 --
- algorithm2e-announce@lirmm.fr mailing list for announcement about releases
- algorithm2e-discussion@lirmm.fr mailing list for discussion about package
subscribe by emailing sympa@lirmm.fr with 'subscribe <list> <firstname name>'
- Author: Christophe Fiorio (cfiorio@um2.fr)
********************************************************
\skiptotal=\skip44
\skiplinenumber=\skip45
\skiprule=\skip46
\skiphlne=\skip47
\skiptext=\skip48
\skiplength=\skip49
\algomargin=\skip50
\skipalgocfslide=\skip51
\algowidth=\dimen123
\inoutsize=\dimen124
\inoutindent=\dimen125
\interspacetitleruled=\dimen126
\interspacealgoruled=\dimen127
\interspacetitleboxruled=\dimen128
\algocf@inoutbox=\box30
\algocf@inputbox=\box31
\AlCapSkip=\skip52
\AlCapHSkip=\skip53
\algoskipindent=\skip54
\algocf@nlbox=\box32
\algocf@hangingbox=\box33
\algocf@untilbox=\box34
\algocf@skipuntil=\skip55
\algocf@capbox=\box35
\algoheightruledefault=\skip56
\algoheightrule=\skip57
\algotitleheightruledefault=\skip58
\algotitleheightrule=\skip59
\c@algocfline=\count112
\c@algocfproc=\count113
\c@algocf=\count114
\algocf@algoframe=\box36
\algocf@algobox=\box37
) (/usr/share/texlive/texmf-dist/tex/latex/graphics/color.sty
Package: color 2005/11/14 v1.0j Standard LaTeX Color (DPC)

(/usr/share/texlive/texmf-dist/tex/latex/latexconfig/color.cfg
File: color.cfg 2007/01/18 v1.5 color configuration of teTeX/TeXLive
)
Package color Info: Driver file: pdftex.def on input line 130.
)
(/usr/share/texmf/tex/latex/xcolor/xcolor.sty
Package: xcolor 2007/01/21 v2.11 LaTeX color extensions (UK)

(/usr/share/texlive/texmf-dist/tex/latex/latexconfig/color.cfg
File: color.cfg 2007/01/18 v1.5 color configuration of teTeX/TeXLive
)
Package xcolor Info: Driver file: pdftex.def on input line 225.

(/usr/share/texlive/texmf-dist/tex/latex/colortbl/colortbl.sty
Package: colortbl 2012/02/13 v1.0a Color table columns (DPC)

(/usr/share/texlive/texmf-dist/tex/latex/tools/array.sty
Package: array 2008/09/09 v2.4c Tabular extension package (FMi)
\col@sep=\dimen129
\extrarowheight=\dimen130
\NC@list=\toks38
\extratabsurround=\skip60
\backup@length=\skip61
)
\everycr=\toks39
\minrowclearance=\skip62
)
LaTeX Info: Redefining \color on input line 702.
\rownum=\count115
Package xcolor Info: Model `cmy' substituted by `cmy0' on input line 1337.
Package xcolor Info: Model `hsb' substituted by `rgb' on input line 1341.
Package xcolor Info: Model `RGB' extended on input line 1353.
Package xcolor Info: Model `HTML' substituted by `rgb' on input line 1355.
Package xcolor Info: Model `Hsb' substituted by `hsb' on input line 1356.
Package xcolor Info: Model `tHsb' substituted by `hsb' on input line 1357.
Package xcolor Info: Model `HSB' substituted by `hsb' on input line 1358.
Package xcolor Info: Model `Gray' substituted by `gray' on input line 1359.
Package xcolor Info: Model `wave' substituted by `hsb' on input line 1360.
)
\c@prop=\count116
\c@mydef=\count117

(/usr/share/texlive/texmf-dist/tex/latex/adjustbox/adjustbox.sty
Package: adjustbox 2012/05/21 v1.0 Adjusting TeX boxes (trim, clip, ...)

(/usr/share/texlive/texmf-dist/tex/latex/adjustbox/adjcalc.sty
Package: adjcalc 2012/05/16 v1.1 Provides advanced setlength with multiple back
-ends (calc, etex, pgfmath)
)
(/usr/share/texlive/texmf-dist/tex/latex/adjustbox/trimclip.sty
Package: trimclip 2012/05/16 v1.0 Trim and clip general TeX material

(/usr/share/texlive/texmf-dist/tex/latex/collectbox/collectbox.sty
Package: collectbox 2012/05/17 v0.4b Collect macro arguments as boxes
\collectedbox=\box38
)
\tc@llx=\dimen131
\tc@lly=\dimen132
\tc@urx=\dimen133
\tc@ury=\dimen134
Package trimclip Info: Using driver 'tc-pdftex.def'.

(/usr/share/texlive/texmf-dist/tex/latex/adjustbox/tc-pdftex.def
File: tc-pdftex.def 2012/05/13 v1.0 Clipping driver for pdftex
))
\adjbox@Width=\dimen135
\adjbox@Height=\dimen136
\adjbox@Depth=\dimen137
\adjbox@Totalheight=\dimen138

(/usr/share/texlive/texmf-dist/tex/latex/ifoddpage/ifoddpage.sty
Package: ifoddpage 2011/09/13 v1.0 Conditionals for odd/even page detection
\c@checkoddpage=\count118
)
(/usr/share/texlive/texmf-dist/tex/latex/varwidth/varwidth.sty
Package: varwidth 2009/03/30 ver 0.92;  Variable-width minipages
\@vwid@box=\box39
\sift@deathcycles=\count119
\@vwid@loff=\dimen139
\@vwid@roff=\dimen140
))
(/usr/share/texlive/texmf-dist/tex/latex/multirow/multirow.sty
\bigstrutjot=\dimen141
)
(/usr/share/texlive/texmf-dist/tex/latex/hyperref/hyperref.sty
Package: hyperref 2012/11/06 v6.83m Hypertext links for LaTeX

(/usr/share/texlive/texmf-dist/tex/generic/oberdiek/hobsub-hyperref.sty
Package: hobsub-hyperref 2012/05/28 v1.13 Bundle oberdiek, subset hyperref (HO)


(/usr/share/texlive/texmf-dist/tex/generic/oberdiek/hobsub-generic.sty
Package: hobsub-generic 2012/05/28 v1.13 Bundle oberdiek, subset generic (HO)
Package: hobsub 2012/05/28 v1.13 Construct package bundles (HO)
Package hobsub Info: Skipping package `infwarerr' (already loaded).
Package hobsub Info: Skipping package `ltxcmds' (already loaded).
Package: ifluatex 2010/03/01 v1.3 Provides the ifluatex switch (HO)
Package ifluatex Info: LuaTeX not detected.
Package: ifvtex 2010/03/01 v1.5 Detect VTeX and its facilities (HO)
Package ifvtex Info: VTeX not detected.
Package: intcalc 2007/09/27 v1.1 Expandable calculations with integers (HO)
Package hobsub Info: Skipping package `ifpdf' (already loaded).
Package: etexcmds 2011/02/16 v1.5 Avoid name clashes with e-TeX commands (HO)
Package etexcmds Info: Could not find \expanded.
(etexcmds)             That can mean that you are not using pdfTeX 1.50 or
(etexcmds)             that some package has redefined \expanded.
(etexcmds)             In the latter case, load this package earlier.
Package: kvsetkeys 2012/04/25 v1.16 Key value parser (HO)
Package: kvdefinekeys 2011/04/07 v1.3 Define keys (HO)
Package: pdftexcmds 2011/11/29 v0.20 Utility functions of pdfTeX for LuaTeX (HO
)
Package pdftexcmds Info: LuaTeX not detected.
Package pdftexcmds Info: \pdf@primitive is available.
Package pdftexcmds Info: \pdf@ifprimitive is available.
Package pdftexcmds Info: \pdfdraftmode found.
Package: pdfescape 2011/11/25 v1.13 Implements pdfTeX's escape features (HO)
Package: bigintcalc 2012/04/08 v1.3 Expandable calculations on big integers (HO
)
Package: bitset 2011/01/30 v1.1 Handle bit-vector datatype (HO)
Package: uniquecounter 2011/01/30 v1.2 Provide unlimited unique counter (HO)
)
Package hobsub Info: Skipping package `hobsub' (already loaded).
Package: letltxmacro 2010/09/02 v1.4 Let assignment for LaTeX macros (HO)
Package: hopatch 2012/05/28 v1.2 Wrapper for package hooks (HO)
Package: xcolor-patch 2011/01/30 xcolor patch
Package: atveryend 2011/06/30 v1.8 Hooks at the very end of document (HO)
Package atveryend Info: \enddocument detected (standard20110627).
Package: atbegshi 2011/10/05 v1.16 At begin shipout hook (HO)
Package: refcount 2011/10/16 v3.4 Data extraction from label references (HO)
Package: hycolor 2011/01/30 v1.7 Color options for hyperref/bookmark (HO)
)
(/usr/share/texlive/texmf-dist/tex/generic/ifxetex/ifxetex.sty
Package: ifxetex 2010/09/12 v0.6 Provides ifxetex conditional
)
(/usr/share/texlive/texmf-dist/tex/latex/oberdiek/auxhook.sty
Package: auxhook 2011/03/04 v1.3 Hooks for auxiliary files (HO)
)
(/usr/share/texlive/texmf-dist/tex/latex/oberdiek/kvoptions.sty
Package: kvoptions 2011/06/30 v3.11 Key value format for package options (HO)
)
\@linkdim=\dimen142
\Hy@linkcounter=\count120
\Hy@pagecounter=\count121

(/usr/share/texlive/texmf-dist/tex/latex/hyperref/pd1enc.def
File: pd1enc.def 2012/11/06 v6.83m Hyperref: PDFDocEncoding definition (HO)
)
\Hy@SavedSpaceFactor=\count122

(/usr/share/texlive/texmf-dist/tex/latex/latexconfig/hyperref.cfg
File: hyperref.cfg 2002/06/06 v1.2 hyperref configuration of TeXLive
)
Package hyperref Info: Hyper figures OFF on input line 4443.
Package hyperref Info: Link nesting OFF on input line 4448.
Package hyperref Info: Hyper index ON on input line 4451.
Package hyperref Info: Plain pages OFF on input line 4458.
Package hyperref Info: Backreferencing OFF on input line 4463.
Package hyperref Info: Implicit mode ON; LaTeX internals redefined.
Package hyperref Info: Bookmarks ON on input line 4688.
\c@Hy@tempcnt=\count123
LaTeX Info: Redefining \url on input line 5041.
\XeTeXLinkMargin=\dimen143
\Fld@menulength=\count124
\Field@Width=\dimen144
\Fld@charsize=\dimen145
Package hyperref Info: Hyper figures OFF on input line 6295.
Package hyperref Info: Link nesting OFF on input line 6300.
Package hyperref Info: Hyper index ON on input line 6303.
Package hyperref Info: backreferencing OFF on input line 6310.
Package hyperref Info: Link coloring OFF on input line 6315.
Package hyperref Info: Link coloring with OCG OFF on input line 6320.
Package hyperref Info: PDF/A mode OFF on input line 6325.
LaTeX Info: Redefining \ref on input line 6365.
LaTeX Info: Redefining \pageref on input line 6369.


Package hyperref Warning: Option `pdfpagelabels' is turned off
(hyperref)                because \thepage is undefined.

\c@Item=\count125
\c@Hfootnote=\count126
)

Package hyperref Message: Driver (autodetected): hpdftex.

(/usr/share/texlive/texmf-dist/tex/latex/hyperref/hpdftex.def
File: hpdftex.def 2012/11/06 v6.83m Hyperref driver for pdfTeX
\Fld@listcount=\count127
\c@bookmark@seq@number=\count128

(/usr/share/texlive/texmf-dist/tex/latex/oberdiek/rerunfilecheck.sty
Package: rerunfilecheck 2011/04/15 v1.7 Rerun checks for auxiliary files (HO)
Package uniquecounter Info: New unique counter `rerunfilecheck' on input line 2
82.
)
\Hy@SectionHShift=\skip63
)
(./main.aux)
\openout1 = `main.aux'.

LaTeX Font Info:    Checking defaults for OML/cmm/m/it on input line 77.
LaTeX Font Info:    ... okay on input line 77.
LaTeX Font Info:    Checking defaults for T1/cmr/m/n on input line 77.
LaTeX Font Info:    ... okay on input line 77.
LaTeX Font Info:    Checking defaults for OT1/cmr/m/n on input line 77.
LaTeX Font Info:    ... okay on input line 77.
LaTeX Font Info:    Checking defaults for OMS/cmsy/m/n on input line 77.
LaTeX Font Info:    ... okay on input line 77.
LaTeX Font Info:    Checking defaults for OMX/cmex/m/n on input line 77.
LaTeX Font Info:    ... okay on input line 77.
LaTeX Font Info:    Checking defaults for U/cmr/m/n on input line 77.
LaTeX Font Info:    ... okay on input line 77.
LaTeX Font Info:    Checking defaults for PD1/pdf/m/n on input line 77.
LaTeX Font Info:    ... okay on input line 77.
 (/usr/share/texlive/texmf-dist/tex/context/base/supp-pdf.mkii
[Loading MPS to PDF converter (version 2006.09.02).]
\scratchcounter=\count129
\scratchdimen=\dimen146
\scratchbox=\box40
\nofMPsegments=\count130
\nofMParguments=\count131
\everyMPshowfont=\toks40
\MPscratchCnt=\count132
\MPscratchDim=\dimen147
\MPnumerator=\count133
\makeMPintoPDFobject=\count134
\everyMPtoPDFconversion=\toks41
) (/usr/share/texlive/texmf-dist/tex/latex/oberdiek/epstopdf-base.sty
Package: epstopdf-base 2010/02/09 v2.5 Base part for package epstopdf

(/usr/share/texlive/texmf-dist/tex/latex/oberdiek/grfext.sty
Package: grfext 2010/08/19 v1.1 Manage graphics extensions (HO)
)
Package grfext Info: Graphics extension search list:
(grfext)             [.png,.pdf,.jpg,.mps,.jpeg,.jbig2,.jb2,.PNG,.PDF,.JPG,.JPE
G,.JBIG2,.JB2,.eps]
(grfext)             \AppendGraphicsExtensions on input line 452.

(/usr/share/texlive/texmf-dist/tex/latex/latexconfig/epstopdf-sys.cfg
File: epstopdf-sys.cfg 2010/07/13 v1.3 Configuration of (r)epstopdf for TeX Liv
e
))
\AtBeginShipoutBox=\box41


Package hyperref Warning: Height of page (\paperheight) is invalid (0.0pt),
(hyperref)                using 11in.

Package hyperref Info: Link coloring OFF on input line 77.
(/usr/share/texlive/texmf-dist/tex/latex/hyperref/nameref.sty
Package: nameref 2012/10/27 v2.43 Cross-referencing by name of section

(/usr/share/texlive/texmf-dist/tex/generic/oberdiek/gettitlestring.sty
Package: gettitlestring 2010/12/03 v1.4 Cleanup title references (HO)
)
\c@section@level=\count135
)
LaTeX Info: Redefining \ref on input line 77.
LaTeX Info: Redefining \pageref on input line 77.
LaTeX Info: Redefining \nameref on input line 77.

(./main.out) (./main.out)
\@outlinefile=\write4
\openout4 = `main.out'.

LaTeX Font Info:    Try loading font information for U+msa on input line 100.

(/usr/share/texlive/texmf-dist/tex/latex/amsfonts/umsa.fd
File: umsa.fd 2013/01/14 v3.01 AMS symbols A
)
LaTeX Font Info:    Try loading font information for U+msb on input line 100.

(/usr/share/texlive/texmf-dist/tex/latex/amsfonts/umsb.fd
File: umsb.fd 2013/01/14 v3.01 AMS symbols B
)
LaTeX Font Info:    Try loading font information for U+lasy on input line 100.

(/usr/share/texlive/texmf-dist/tex/latex/base/ulasy.fd
File: ulasy.fd 1998/08/17 v2.2e LaTeX symbol font definitions
) (./abstract.tex
LaTeX Font Info:    Try loading font information for T1+aett on input line 1.

(/usr/share/texlive/texmf-dist/tex/latex/ae/t1aett.fd
File: t1aett.fd 1997/11/16 Font definitions for T1/aett.
)) (./introduction.tex
Overfull \hbox (13.89551pt too wide) in paragraph at lines 31--32
[]\T1/aer/m/n/9 To our knowl-edge \T1/aett/m/n/9 Com-PAS \T1/aer/m/n/9 is the f
irst \T1/aer/m/it/9 community-preserving
 []


Underfull \vbox (badness 1694) has occurred while \output is active []

 [1{/var/lib/texmf/fonts/map/pdftex/updmap/pdftex.map}


]) (./related_works.tex
Overfull \hbox (9.50023pt too wide) in paragraph at lines 26--28
 [][] 
 []

) (./problem_definition.tex) (./algorithm.tex
Overfull \hbox (1.51753pt too wide) in paragraph at lines 60--64
\T1/aer/m/n/9 Fig-ure []1[] re-spec-tively). To start with, \T1/aett/m/n/9 Com-
PAS \T1/aer/m/n/9 keeps on adding
 []

pdfTeX warning (ext4): destination with the same identifier (name{page.}) has b
een already used, duplicate ignored
<to be read again> 
                   \relax 
l.64 \begin{equation}
                     \label{modularity}\small [2]

LaTeX Font Warning: Command \small invalid in math mode on input line 64.

LaTeX Font Info:    Calculating math sizes for size <> on input line 66.

LaTeX Font Warning: Font shape `OT1/cmr/m/n' in size <> not available
(Font)              size <5> substituted on input line 66.


LaTeX Font Warning: Font shape `OT1/cmr/m/n' in size <0.7> not available
(Font)              size <5> substituted on input line 66.


LaTeX Font Warning: Font shape `OT1/cmr/m/n' in size <0.5> not available
(Font)              size <5> substituted on input line 66.


LaTeX Font Warning: Font shape `OML/cmm/m/it' in size <> not available
(Font)              size <5> substituted on input line 66.


LaTeX Font Warning: Font shape `OML/cmm/m/it' in size <0.7> not available
(Font)              size <5> substituted on input line 66.


LaTeX Font Warning: Font shape `OML/cmm/m/it' in size <0.5> not available
(Font)              size <5> substituted on input line 66.


LaTeX Font Warning: Font shape `OMS/cmsy/m/n' in size <> not available
(Font)              size <5> substituted on input line 66.


LaTeX Font Warning: Font shape `OMS/cmsy/m/n' in size <0.7> not available
(Font)              size <5> substituted on input line 66.


LaTeX Font Warning: Font shape `OMS/cmsy/m/n' in size <0.5> not available
(Font)              size <5> substituted on input line 66.


LaTeX Font Warning: Font shape `U/lasy/m/n' in size <> not available
(Font)              size <5> substituted on input line 66.


LaTeX Font Warning: Font shape `U/lasy/m/n' in size <0.7> not available
(Font)              size <5> substituted on input line 66.


LaTeX Font Warning: Font shape `U/lasy/m/n' in size <0.5> not available
(Font)              size <5> substituted on input line 66.


Overfull \hbox (5.9346pt too wide) in paragraph at lines 77--78
\T1/aer/bx/n/9 (i) $[]$ \T1/aer/m/n/9 When both
 []

Package epstopdf Info: Source file: <figures/demo.eps>
(epstopdf)                    date: 2017-01-27 09:54:36
(epstopdf)                    size: 496671 bytes
(epstopdf)             Output file: <figures/demo-eps-converted-to.pdf>
(epstopdf)                    date: 2017-02-10 16:41:28
(epstopdf)                    size: 240894 bytes
(epstopdf)             Command: <repstopdf --outfile=figures/demo-eps-converted
-to.pdf figures/demo.eps>
(epstopdf)             \includegraphics on input line 84.
Package epstopdf Info: Output file is already uptodate.
<figures/demo-eps-converted-to.pdf, id=225, 1932.21875pt x 683.55376pt>
File: figures/demo-eps-converted-to.pdf Graphic file (type pdf)

<use figures/demo-eps-converted-to.pdf>
Package pdftex.def Info: figures/demo-eps-converted-to.pdf used on input line 8
4.
(pdftex.def)             Requested size: 240.0pt x 84.90164pt.


LaTeX Font Warning: Command \small invalid in math mode on input line 106.


LaTeX Font Warning: Command \small invalid in math mode on input line 142.


LaTeX Font Warning: Command \small invalid in math mode on input line 150.


LaTeX Font Warning: Command \small invalid in math mode on input line 150.

pdfTeX warning (ext4): destination with the same identifier (name{page.}) has b
een already used, duplicate ignored
<to be read again> 
                   \relax 
l.151 \]
         [3 <./figures/demo-eps-converted-to.pdf>]

LaTeX Font Warning: Command \small invalid in math mode on input line 153.


Overfull \hbox (6.6815pt too wide) in paragraph at lines 159--159
[] 
 []


LaTeX Font Warning: Command \small invalid in math mode on input line 179.


LaTeX Font Warning: Command \small invalid in math mode on input line 183.


LaTeX Font Warning: Command \small invalid in math mode on input line 189.


LaTeX Font Warning: Command \small invalid in math mode on input line 221.


Overfull \hbox (7.77164pt too wide) in paragraph at lines 229--229
[] 
 []

pdfTeX warning (ext4): destination with the same identifier (name{algocf.1}) ha
s been already used, duplicate ignored
<to be read again> 
                   \relax 
l.238 ...he same?} \textcolor{blue}{corrected}\fi}
                                                  

Package relsize Warning: Font size 4.86111pt is too small.
(relsize)                Using 5.0pt instead on input line 241.


Package relsize Warning: Font size 4.86111pt is too small.
(relsize)                Using 5.0pt instead on input line 241.


Package relsize Warning: Font size 4.86111pt is too small.
(relsize)                Using 5.0pt instead on input line 253.


Package relsize Warning: Font size 4.86111pt is too small.
(relsize)                Using 5.0pt instead on input line 253.


Package relsize Warning: Font size 4.86111pt is too small.
(relsize)                Using 5.0pt instead on input line 253.


Package relsize Warning: Font size 4.86111pt is too small.
(relsize)                Using 5.0pt instead on input line 253.


Package relsize Warning: Font size 4.86111pt is too small.
(relsize)                Using 5.0pt instead on input line 253.


Package relsize Warning: Font size 4.86111pt is too small.
(relsize)                Using 5.0pt instead on input line 253.


Package relsize Warning: Font size 4.86111pt is too small.
(relsize)                Using 5.0pt instead on input line 253.


Package relsize Warning: Font size 4.86111pt is too small.
(relsize)                Using 5.0pt instead on input line 253.


Package relsize Warning: Font size 4.86111pt is too small.
(relsize)                Using 5.0pt instead on input line 253.


Package relsize Warning: Font size 4.86111pt is too small.
(relsize)                Using 5.0pt instead on input line 254.


Overfull \hbox (8.94781pt too wide) in paragraph at lines 270--270
[]\T1/aer/bx/n/9 Function 2: $\OML/cmm/m/it/9 OneinSampleOneNew\OT1/cmr/m/n/9 (
\OML/cmm/m/it/9 u; v; e[]; V[]; E[]; \OMS/cmsy/m/n/9 H\OML/cmm/m/it/9 ; C[]\OT1
/cmr/m/n/9 )$ 
 []


Package relsize Warning: Font size 4.86111pt is too small.
(relsize)                Using 5.0pt instead on input line 273.


Package relsize Warning: Font size 4.86111pt is too small.
(relsize)                Using 5.0pt instead on input line 273.


Package relsize Warning: Font size 4.86111pt is too small.
(relsize)                Using 5.0pt instead on input line 285.


Package relsize Warning: Font size 4.86111pt is too small.
(relsize)                Using 5.0pt instead on input line 285.


Package relsize Warning: Font size 4.86111pt is too small.
(relsize)                Using 5.0pt instead on input line 285.


Package relsize Warning: Font size 4.86111pt is too small.
(relsize)                Using 5.0pt instead on input line 285.


Package relsize Warning: Font size 4.86111pt is too small.
(relsize)                Using 5.0pt instead on input line 285.


Package relsize Warning: Font size 4.86111pt is too small.
(relsize)                Using 5.0pt instead on input line 285.


Package relsize Warning: Font size 4.86111pt is too small.
(relsize)                Using 5.0pt instead on input line 285.


Package relsize Warning: Font size 4.86111pt is too small.
(relsize)                Using 5.0pt instead on input line 285.


Package relsize Warning: Font size 4.86111pt is too small.
(relsize)                Using 5.0pt instead on input line 285.


Package relsize Warning: Font size 4.86111pt is too small.
(relsize)                Using 5.0pt instead on input line 285.


Package relsize Warning: Font size 4.86111pt is too small.
(relsize)                Using 5.0pt instead on input line 285.


Package relsize Warning: Font size 4.86111pt is too small.
(relsize)                Using 5.0pt instead on input line 287.


Package relsize Warning: Font size 4.86111pt is too small.
(relsize)                Using 5.0pt instead on input line 288.


Package relsize Warning: Font size 4.86111pt is too small.
(relsize)                Using 5.0pt instead on input line 289.

pdfTeX warning (ext4): destination with the same identifier (name{page.}) has b
een already used, duplicate ignored
<to be read again> 
                   \relax 
l.294 
       [4]
Overfull \hbox (30.59312pt too wide) in paragraph at lines 297--297
[]\T1/aer/bx/n/9 Function 3: $\OML/cmm/m/it/9 OneinSampleOneinBuffer\OT1/cmr/m/
n/9 (\OML/cmm/m/it/9 u; v; e[]; V[]; E[]; \OMS/cmsy/m/n/9 H\OML/cmm/m/it/9 ; C[
]\OT1/cmr/m/n/9 )$ 
 []


Package relsize Warning: Font size 4.86111pt is too small.
(relsize)                Using 5.0pt instead on input line 298.


Package relsize Warning: Font size 4.86111pt is too small.
(relsize)                Using 5.0pt instead on input line 299.


Package relsize Warning: Font size 4.86111pt is too small.
(relsize)                Using 5.0pt instead on input line 300.


Package relsize Warning: Font size 4.86111pt is too small.
(relsize)                Using 5.0pt instead on input line 301.


Package relsize Warning: Font size 4.86111pt is too small.
(relsize)                Using 5.0pt instead on input line 302.


Package relsize Warning: Font size 4.86111pt is too small.
(relsize)                Using 5.0pt instead on input line 303.


Package relsize Warning: Font size 4.86111pt is too small.
(relsize)                Using 5.0pt instead on input line 308.


Package relsize Warning: Font size 4.86111pt is too small.
(relsize)                Using 5.0pt instead on input line 309.


Package relsize Warning: Font size 4.86111pt is too small.
(relsize)                Using 5.0pt instead on input line 311.


Overfull \hbox (10.32109pt too wide) in paragraph at lines 318--318
[]\T1/aer/bx/n/9 Function 4: $\OML/cmm/m/it/9 OneinBufferOneNew\OT1/cmr/m/n/9 (
\OML/cmm/m/it/9 u; v; e[]; V[]; E[]; \OMS/cmsy/m/n/9 H\OML/cmm/m/it/9 ; C[]\OT1
/cmr/m/n/9 )$ 
 []


Package relsize Warning: Font size 4.86111pt is too small.
(relsize)                Using 5.0pt instead on input line 319.


Package relsize Warning: Font size 4.86111pt is too small.
(relsize)                Using 5.0pt instead on input line 320.


Package relsize Warning: Font size 4.86111pt is too small.
(relsize)                Using 5.0pt instead on input line 321.


Overfull \hbox (1.74449pt too wide) in paragraph at lines 325--327
\T1/aer/m/n/9 called from line 23 of Al-go-rithm 1. We ini-tially check whether

 []


Package relsize Warning: Font size 4.86111pt is too small.
(relsize)                Using 5.0pt instead on input line 337.


Package relsize Warning: Font size 4.86111pt is too small.
(relsize)                Using 5.0pt instead on input line 337.


Package relsize Warning: Font size 4.86111pt is too small.
(relsize)                Using 5.0pt instead on input line 337.


Package relsize Warning: Font size 4.86111pt is too small.
(relsize)                Using 5.0pt instead on input line 337.


Package relsize Warning: Font size 4.86111pt is too small.
(relsize)                Using 5.0pt instead on input line 337.


Package relsize Warning: Font size 4.86111pt is too small.
(relsize)                Using 5.0pt instead on input line 353.


Package relsize Warning: Font size 4.86111pt is too small.
(relsize)                Using 5.0pt instead on input line 353.


Package relsize Warning: Font size 4.86111pt is too small.
(relsize)                Using 5.0pt instead on input line 353.


Package relsize Warning: Font size 4.86111pt is too small.
(relsize)                Using 5.0pt instead on input line 353.


Package relsize Warning: Font size 4.86111pt is too small.
(relsize)                Using 5.0pt instead on input line 353.


Package relsize Warning: Font size 4.86111pt is too small.
(relsize)                Using 5.0pt instead on input line 353.


Package relsize Warning: Font size 4.86111pt is too small.
(relsize)                Using 5.0pt instead on input line 353.


Package relsize Warning: Font size 4.86111pt is too small.
(relsize)                Using 5.0pt instead on input line 353.


Package relsize Warning: Font size 4.86111pt is too small.
(relsize)                Using 5.0pt instead on input line 353.


Package relsize Warning: Font size 4.86111pt is too small.
(relsize)                Using 5.0pt instead on input line 353.


Package relsize Warning: Font size 4.86111pt is too small.
(relsize)                Using 5.0pt instead on input line 353.


Package relsize Warning: Font size 4.86111pt is too small.
(relsize)                Using 5.0pt instead on input line 353.


Package relsize Warning: Font size 4.86111pt is too small.
(relsize)                Using 5.0pt instead on input line 353.


Package relsize Warning: Font size 4.86111pt is too small.
(relsize)                Using 5.0pt instead on input line 353.


Package relsize Warning: Font size 4.86111pt is too small.
(relsize)                Using 5.0pt instead on input line 354.


Package relsize Warning: Font size 4.86111pt is too small.
(relsize)                Using 5.0pt instead on input line 364.


Package relsize Warning: Font size 4.86111pt is too small.
(relsize)                Using 5.0pt instead on input line 365.


Package relsize Warning: Font size 4.86111pt is too small.
(relsize)                Using 5.0pt instead on input line 366.

<figures/percolation.png, id=273, 1964.33875pt x 947.54pt>
File: figures/percolation.png Graphic file (type png)

<use figures/percolation.png>
Package pdftex.def Info: figures/percolation.png used on input line 376.
(pdftex.def)             Requested size: 240.0pt x 115.76743pt.


Package relsize Warning: Font size 4.86111pt is too small.
(relsize)                Using 5.0pt instead on input line 390.


Package relsize Warning: Font size 4.86111pt is too small.
(relsize)                Using 5.0pt instead on input line 390.


Package relsize Warning: Font size 4.86111pt is too small.
(relsize)                Using 5.0pt instead on input line 390.


Package relsize Warning: Font size 4.86111pt is too small.
(relsize)                Using 5.0pt instead on input line 390.


Package relsize Warning: Font size 4.86111pt is too small.
(relsize)                Using 5.0pt instead on input line 391.


Package relsize Warning: Font size 4.86111pt is too small.
(relsize)                Using 5.0pt instead on input line 398.


Package relsize Warning: Font size 4.86111pt is too small.
(relsize)                Using 5.0pt instead on input line 399.


Package relsize Warning: Font size 4.86111pt is too small.
(relsize)                Using 5.0pt instead on input line 408.


Package relsize Warning: Font size 4.86111pt is too small.
(relsize)                Using 5.0pt instead on input line 408.


Package relsize Warning: Font size 4.86111pt is too small.
(relsize)                Using 5.0pt instead on input line 408.


Package relsize Warning: Font size 4.86111pt is too small.
(relsize)                Using 5.0pt instead on input line 408.


Package relsize Warning: Font size 4.86111pt is too small.
(relsize)                Using 5.0pt instead on input line 408.


Package relsize Warning: Font size 4.86111pt is too small.
(relsize)                Using 5.0pt instead on input line 408.


Package relsize Warning: Font size 4.86111pt is too small.
(relsize)                Using 5.0pt instead on input line 408.


Package relsize Warning: Font size 4.86111pt is too small.
(relsize)                Using 5.0pt instead on input line 411.


Package relsize Warning: Font size 4.86111pt is too small.
(relsize)                Using 5.0pt instead on input line 412.

) (./evaluation.texpdfTeX warning (ext4): destination with the same identifier 
(name{page.}) has been already used, duplicate ignored
<to be read again> 
                   \relax 
l.4 \section{Experimental Setup}
                                 [5 <./figures/percolation.png>]pdfTeX warning 
(ext4): destination with the same identifier (name{page.}) has been already use
d, duplicate ignored
<to be read again> 
                   \relax 
l.72 
      [6]
Package epstopdf Info: Source file: <figures/param_estimate.eps>
(epstopdf)                    date: 2017-01-27 09:54:38
(epstopdf)                    size: 24252 bytes
(epstopdf)             Output file: <figures/param_estimate-eps-converted-to.pd
f>
(epstopdf)                    date: 2017-02-10 16:41:29
(epstopdf)                    size: 10207 bytes
(epstopdf)             Command: <repstopdf --outfile=figures/param_estimate-eps
-converted-to.pdf figures/param_estimate.eps>
(epstopdf)             \includegraphics on input line 111.
Package epstopdf Info: Output file is already uptodate.

<figures/param_estimate-eps-converted-to.pdf, id=402, 903.375pt x 361.35pt>
File: figures/param_estimate-eps-converted-to.pdf Graphic file (type pdf)

<use figures/param_estimate-eps-converted-to.pdf>
Package pdftex.def Info: figures/param_estimate-eps-converted-to.pdf used on in
put line 111.
(pdftex.def)             Requested size: 240.0pt x 95.9999pt.

Overfull \hbox (6.28578pt too wide) in paragraph at lines 141--143
\T1/aer/m/n/9 val-i-da-tion met-rics -- pu-rity, NMI and ARI be-tween the groun
d-
 []


LaTeX Warning: `!h' float specifier changed to `!ht'.

pdfTeX warning (ext4): destination with the same identifier (name{page.}) has b
een already used, duplicate ignored
<to be read again> 
                   \relax 
l.173 
       [7 <./figures/param_estimate-eps-converted-to.pdf>]
Package epstopdf Info: Source file: <figures/param_estimate_1.eps>
(epstopdf)                    date: 2017-01-27 09:54:38
(epstopdf)                    size: 24257 bytes
(epstopdf)             Output file: <figures/param_estimate_1-eps-converted-to.
pdf>
(epstopdf)                    date: 2017-02-10 16:41:29
(epstopdf)                    size: 9551 bytes
(epstopdf)             Command: <repstopdf --outfile=figures/param_estimate_1-e
ps-converted-to.pdf figures/param_estimate_1.eps>
(epstopdf)             \includegraphics on input line 182.
Package epstopdf Info: Output file is already uptodate.

<figures/param_estimate_1-eps-converted-to.pdf, id=438, 903.375pt x 289.08pt>
File: figures/param_estimate_1-eps-converted-to.pdf Graphic file (type pdf)

<use figures/param_estimate_1-eps-converted-to.pdf>
Package pdftex.def Info: figures/param_estimate_1-eps-converted-to.pdf used on 
input line 182.
(pdftex.def)             Requested size: 252.94327pt x 80.94183pt.

Overfull \hbox (12.94327pt too wide) in paragraph at lines 182--184
 [][] 
 []

) (./ranking_algorithm.tex) (./learning.tex) (./conclusion.tex)pdfTeX warning (
ext4): destination with the same identifier (name{page.}) has been already used
, duplicate ignored
<to be read again> 
                   \relax 
l.124 \newpage
               [8 <./figures/param_estimate_1-eps-converted-to.pdf>]
(./main.bbl)
Package atveryend Info: Empty hook `BeforeClearDocument' on input line 127.
pdfTeX warning (ext4): destination with the same identifier (name{page.}) has b
een already used, duplicate ignored
<to be read again> 
                   \relax 
l.127 \end{document}
                     [9]
Package atveryend Info: Empty hook `AfterLastShipout' on input line 127.
 (./main.aux)
Package atveryend Info: Empty hook `AtVeryEndDocument' on input line 127.
Package atveryend Info: Executing hook `AtEndAfterFileList' on input line 127.
Package rerunfilecheck Info: File `main.out' has not changed.
(rerunfilecheck)             Checksum: F392C6861492E184DD98BB34FA52BC3B;1253.


LaTeX Font Warning: Size substitutions with differences
(Font)              up to 4.5pt have occurred.

Package atveryend Info: Empty hook `AtVeryVeryEnd' on input line 127.
 ) 
Here is how much of TeX's memory you used:
 9526 strings out of 493304
 134433 string characters out of 6139870
 297068 words of memory out of 5000000
 12523 multiletter control sequences out of 15000+600000
 80249 words of font info for 131 fonts, out of 8000000 for 9000
 957 hyphenation exceptions out of 8191
 41i,18n,35p,2015b,609s stack positions out of 5000i,500n,10000p,200000b,80000s
{/usr/share/texlive/texmf-dist/fonts/enc/dvips/base/8r.enc}</usr/share/texliv
e/texmf-dist/fonts/type1/public/amsfonts/cm/cmbx5.pfb></usr/share/texlive/texmf
-dist/fonts/type1/public/amsfonts/cm/cmbx7.pfb></usr/share/texlive/texmf-dist/f
onts/type1/public/amsfonts/cm/cmbx8.pfb></usr/share/texlive/texmf-dist/fonts/ty
pe1/public/amsfonts/cm/cmbx9.pfb></usr/share/texlive/texmf-dist/fonts/type1/pub
lic/amsfonts/cm/cmcsc10.pfb></usr/share/texlive/texmf-dist/fonts/type1/public/a
msfonts/cmextra/cmex7.pfb></usr/share/texlive/texmf-dist/fonts/type1/public/ams
fonts/cmextra/cmex8.pfb></usr/share/texlive/texmf-dist/fonts/type1/public/amsfo
nts/cmextra/cmex9.pfb></usr/share/texlive/texmf-dist/fonts/type1/public/amsfont
s/cm/cmmi5.pfb></usr/share/texlive/texmf-dist/fonts/type1/public/amsfonts/cm/cm
mi6.pfb></usr/share/texlive/texmf-dist/fonts/type1/public/amsfonts/cm/cmmi7.pfb
></usr/share/texlive/texmf-dist/fonts/type1/public/amsfonts/cm/cmmi8.pfb></usr/
share/texlive/texmf-dist/fonts/type1/public/amsfonts/cm/cmmi9.pfb></usr/share/t
exlive/texmf-dist/fonts/type1/public/amsfonts/cm/cmr5.pfb></usr/share/texlive/t
exmf-dist/fonts/type1/public/amsfonts/cm/cmr6.pfb></usr/share/texlive/texmf-dis
t/fonts/type1/public/amsfonts/cm/cmr7.pfb></usr/share/texlive/texmf-dist/fonts/
type1/public/amsfonts/cm/cmr8.pfb></usr/share/texlive/texmf-dist/fonts/type1/pu
blic/amsfonts/cm/cmr9.pfb></usr/share/texlive/texmf-dist/fonts/type1/public/ams
fonts/cm/cmsy5.pfb></usr/share/texlive/texmf-dist/fonts/type1/public/amsfonts/c
m/cmsy6.pfb></usr/share/texlive/texmf-dist/fonts/type1/public/amsfonts/cm/cmsy7
.pfb></usr/share/texlive/texmf-dist/fonts/type1/public/amsfonts/cm/cmsy8.pfb></
usr/share/texlive/texmf-dist/fonts/type1/public/amsfonts/cm/cmsy9.pfb></usr/sha
re/texlive/texmf-dist/fonts/type1/public/amsfonts/cm/cmti7.pfb></usr/share/texl
ive/texmf-dist/fonts/type1/public/amsfonts/cm/cmti8.pfb></usr/share/texlive/tex
mf-dist/fonts/type1/public/amsfonts/cm/cmti9.pfb></usr/share/texlive/texmf-dist
/fonts/type1/public/amsfonts/cm/cmtt9.pfb></usr/share/texlive/texmf-dist/fonts/
type1/urw/helvetic/uhvb8a.pfb></usr/share/texlive/texmf-dist/fonts/type1/urw/he
lvetic/uhvr8a.pfb></usr/share/texlive/texmf-dist/fonts/type1/urw/times/utmb8a.p
fb></usr/share/texlive/texmf-dist/fonts/type1/urw/times/utmri8a.pfb>
Output written on main.pdf (9 pages, 809674 bytes).
PDF statistics:
 616 PDF objects out of 1000 (max. 8388607)
 559 compressed objects within 6 object streams
 211 named destinations out of 1000 (max. 500000)
 173 words of extra memory for PDF output out of 10000 (max. 10000000)

